<?xml version="1.0" encoding="UTF-8"?>
<testng-results skipped="0" failed="0" ignored="0" total="1" passed="1">
  <reporter-output>
  </reporter-output>
  <suite name="com.theautomatedtester.pages.test.HomePageTest" duration-ms="15534" started-at="2019-09-15T22:36:02Z" finished-at="2019-09-15T22:36:18Z">
    <groups>
    </groups>
    <test name="Command line test" duration-ms="15534" started-at="2019-09-15T22:36:02Z" finished-at="2019-09-15T22:36:18Z">
      <class name="com.theautomatedtester.pages.test.HomePageTest">
        <test-method status="PASS" signature="setUp()[pri:0, instance:com.theautomatedtester.pages.test.HomePageTest@327471b5]" name="setUp" is-config="true" duration-ms="232" started-at="2019-09-15T22:36:02Z" finished-at="2019-09-15T22:36:02Z">
          <reporter-output>
          </reporter-output>
        </test-method> <!-- setUp -->
        <test-method status="PASS" signature="userCanGoToChapter1()[pri:0, instance:com.theautomatedtester.pages.test.HomePageTest@327471b5]" name="userCanGoToChapter1" duration-ms="15445" started-at="2019-09-15T22:36:02Z" finished-at="2019-09-15T22:36:17Z">
          <reporter-output>
          </reporter-output>
        </test-method> <!-- userCanGoToChapter1 -->
      </class> <!-- com.theautomatedtester.pages.test.HomePageTest -->
    </test> <!-- Command line test -->
  </suite> <!-- com.theautomatedtester.pages.test.HomePageTest -->
</testng-results>
